Base path: /Applications/Unity/Unity.app/Contents
Pipe name: \\.\pipe\UnityShaderCompiler-64bit-4-22593536
Cmd: getPlatforms
Cmd: compileSnippet
  api=5 type=0 insize=7025 outsize=5560 kw=DIRECTIONAL SHADOWS_OFF LIGHTMAP_OFF DIRLIGHTMAP_OFF DYNAMICLIGHTMAP_OFF VERTEXLIGHT_ON ok=1
Cmd: compileSnippet
  api=5 type=0 insize=7025 outsize=4859 kw=DIRECTIONAL SHADOWS_SCREEN SHADOWS_NATIVE LIGHTMAP_OFF DIRLIGHTMAP_OFF DYNAMICLIGHTMAP_OFF ok=1
Cmd: compileSnippet
  api=5 type=0 insize=7025 outsize=4420 kw=DIRECTIONAL SHADOWS_OFF LIGHTMAP_OFF DIRLIGHTMAP_OFF DYNAMICLIGHTMAP_OFF FOG_EXP2 ok=1
Cmd: compileSnippet
  api=9 type=0 insize=7025 outsize=5996 kw=DIRECTIONAL SHADOWS_OFF LIGHTMAP_OFF DIRLIGHTMAP_OFF DYNAMICLIGHTMAP_OFF FOG_EXP2 VERTEXLIGHT_ON ok=1
Cmd: compileSnippet
  api=9 type=0 insize=7025 outsize=5255 kw=DIRECTIONAL SHADOWS_SCREEN SHADOWS_NATIVE LIGHTMAP_OFF DIRLIGHTMAP_OFF DYNAMICLIGHTMAP_OFF FOG_EXP2 ok=1
Cmd: compileSnippet
  api=9 type=1 insize=7025 outsize=7 kw=DIRECTIONAL SHADOWS_OFF LIGHTMAP_OFF DIRLIGHTMAP_OFF DYNAMICLIGHTMAP_OFF ok=1
Cmd: compileSnippet
  api=9 type=1 insize=7025 outsize=7 kw=DIRECTIONAL SHADOWS_OFF LIGHTMAP_OFF DIRLIGHTMAP_OFF DYNAMICLIGHTMAP_OFF FOG_EXP2 ok=1
Cmd: compileSnippet
  api=9 type=0 insize=3820 outsize=3582 kw=POINT ok=1
Cmd: compileSnippet
  api=5 type=0 insize=3820 outsize=3652 kw=POINT_COOKIE ok=1
Cmd: compileSnippet
  api=9 type=0 insize=3820 outsize=3478 kw=DIRECTIONAL_COOKIE ok=1
Cmd: compileSnippet
  api=9 type=0 insize=3820 outsize=3461 kw=DIRECTIONAL FOG_EXP2 ok=1
Cmd: compileSnippet
  api=9 type=0 insize=3820 outsize=4050 kw=POINT_COOKIE FOG_EXP2 ok=1
Cmd: compileSnippet
  api=5 type=1 insize=3820 outsize=6 kw=DIRECTIONAL ok=1
Cmd: compileSnippet
  api=5 type=1 insize=3820 outsize=6 kw=POINT_COOKIE ok=1
Cmd: compileSnippet
  api=9 type=1 insize=3820 outsize=7 kw=POINT FOG_EXP2 ok=1
Cmd: compileSnippet
  api=5 type=1 insize=3820 outsize=6 kw=SPOT FOG_EXP2 ok=1
Cmd: compileSnippet
  api=9 type=1 insize=3820 outsize=7 kw=DIRECTIONAL_COOKIE FOG_EXP2 ok=1
Cmd: compileSnippet
  api=9 type=0 insize=6064 outsize=3730 kw=LIGHTMAP_OFF DIRLIGHTMAP_OFF DYNAMICLIGHTMAP_OFF HDR_LIGHT_PREPASS_OFF ok=1
Cmd: compileSnippet
  api=9 type=0 insize=6064 outsize=4114 kw=LIGHTMAP_OFF DIRLIGHTMAP_OFF DYNAMICLIGHTMAP_OFF FOG_EXP2 HDR_LIGHT_PREPASS_OFF ok=1
Cmd: compileSnippet
  api=5 type=1 insize=6064 outsize=6 kw=LIGHTMAP_OFF DIRLIGHTMAP_OFF DYNAMICLIGHTMAP_OFF UNITY_HDR_ON ok=1
Cmd: compileSnippet
  api=9 type=1 insize=6064 outsize=7 kw=LIGHTMAP_OFF DIRLIGHTMAP_OFF DYNAMICLIGHTMAP_OFF FOG_EXP2 UNITY_HDR_ON ok=1
Cmd: compileSnippet
  api=5 type=0 insize=6143 outsize=3533 kw=LIGHTMAP_OFF DIRLIGHTMAP_OFF DYNAMICLIGHTMAP_OFF UNITY_HDR_ON ok=1
Cmd: compileSnippet
  api=9 type=1 insize=6143 outsize=7 kw=LIGHTMAP_OFF DIRLIGHTMAP_OFF DYNAMICLIGHTMAP_OFF HDR_LIGHT_PREPASS_OFF ok=1
Cmd: compileSnippet
  api=5 type=0 insize=797 outsize=1188 kw=SHADOWS_CUBE ok=1
Cmd: compileSnippet
  api=5 type=1 insize=797 outsize=6 kw=SHADOWS_CUBE ok=1
Cmd: compileSnippet
  api=9 type=0 insize=6920 outsize=3393 kw=DIRECTIONAL SHADOWS_OFF LIGHTMAP_OFF DIRLIGHTMAP_OFF DYNAMICLIGHTMAP_OFF ok=1
Cmd: compileSnippet
  api=9 type=0 insize=6920 outsize=4964 kw=DIRECTIONAL SHADOWS_OFF LIGHTMAP_OFF DIRLIGHTMAP_OFF DYNAMICLIGHTMAP_OFF VERTEXLIGHT_ON ok=1
Cmd: compileSnippet
  api=5 type=0 insize=6920 outsize=5768 kw=DIRECTIONAL SHADOWS_SCREEN SHADOWS_NATIVE LIGHTMAP_OFF DIRLIGHTMAP_OFF DYNAMICLIGHTMAP_OFF VERTEXLIGHT_ON ok=1
Cmd: compileSnippet
  api=5 type=0 insize=6920 outsize=5390 kw=DIRECTIONAL SHADOWS_OFF LIGHTMAP_OFF DIRLIGHTMAP_OFF DYNAMICLIGHTMAP_OFF FOG_EXP2 VERTEXLIGHT_ON ok=1
Cmd: compileSnippet
  api=5 type=0 insize=6920 outsize=4694 kw=DIRECTIONAL SHADOWS_SCREEN SHADOWS_NATIVE LIGHTMAP_OFF DIRLIGHTMAP_OFF DYNAMICLIGHTMAP_OFF FOG_EXP2 ok=1
Cmd: compileSnippet
  api=9 type=1 insize=6920 outsize=7 kw=DIRECTIONAL SHADOWS_OFF LIGHTMAP_OFF DIRLIGHTMAP_OFF DYNAMICLIGHTMAP_OFF ok=1
Cmd: compileSnippet
  api=5 type=1 insize=6920 outsize=6 kw=DIRECTIONAL SHADOWS_OFF LIGHTMAP_OFF DIRLIGHTMAP_OFF DYNAMICLIGHTMAP_OFF FOG_EXP2 ok=1
Cmd: compileSnippet
  api=9 type=0 insize=3732 outsize=2995 kw=POINT ok=1
Cmd: compileSnippet
  api=9 type=0 insize=3732 outsize=3334 kw=SPOT ok=1
Cmd: compileSnippet
  api=9 type=0 insize=3732 outsize=2891 kw=DIRECTIONAL_COOKIE ok=1
Cmd: compileSnippet
  api=9 type=0 insize=3732 outsize=2847 kw=DIRECTIONAL FOG_EXP2 ok=1
Cmd: compileSnippet
  api=5 type=0 insize=3732 outsize=3470 kw=POINT_COOKIE FOG_EXP2 ok=1
Cmd: compileSnippet
  api=9 type=1 insize=3732 outsize=7 kw=POINT ok=1
Cmd: compileSnippet
  api=5 type=1 insize=3732 outsize=6 kw=POINT_COOKIE ok=1
Cmd: compileSnippet
  api=9 type=1 insize=3732 outsize=7 kw=POINT FOG_EXP2 ok=1
Cmd: compileSnippet
  api=5 type=1 insize=3732 outsize=6 kw=SPOT FOG_EXP2 ok=1
Cmd: compileSnippet
  api=9 type=1 insize=3732 outsize=7 kw=POINT_COOKIE FOG_EXP2 ok=1
Cmd: compileSnippet
  api=9 type=0 insize=2816 outsize=1367 kw= ok=1
Cmd: compileSnippet
  api=9 type=0 insize=6059 outsize=3551 kw=LIGHTMAP_OFF DIRLIGHTMAP_OFF DYNAMICLIGHTMAP_OFF HDR_LIGHT_PREPASS_OFF ok=1
Cmd: compileSnippet
  api=9 type=0 insize=6059 outsize=3926 kw=LIGHTMAP_OFF DIRLIGHTMAP_OFF DYNAMICLIGHTMAP_OFF FOG_EXP2 UNITY_HDR_ON ok=1
Cmd: compileSnippet
  api=9 type=1 insize=6059 outsize=7 kw=LIGHTMAP_OFF DIRLIGHTMAP_OFF DYNAMICLIGHTMAP_OFF HDR_LIGHT_PREPASS_OFF ok=1
Cmd: compileSnippet
  api=9 type=1 insize=6059 outsize=7 kw=LIGHTMAP_OFF DIRLIGHTMAP_OFF DYNAMICLIGHTMAP_OFF FOG_EXP2 UNITY_HDR_ON ok=1
Cmd: compileSnippet
  api=9 type=0 insize=6013 outsize=3453 kw=LIGHTMAP_OFF DIRLIGHTMAP_OFF DYNAMICLIGHTMAP_OFF UNITY_HDR_ON ok=1
Cmd: compileSnippet
  api=9 type=1 insize=6013 outsize=7 kw=LIGHTMAP_OFF DIRLIGHTMAP_OFF DYNAMICLIGHTMAP_OFF HDR_LIGHT_PREPASS_OFF ok=1
Cmd: compileSnippet
  api=5 type=0 insize=7111 outsize=6241 kw=DIRECTIONAL SHADOWS_SCREEN LIGHTMAP_OFF DIRLIGHTMAP_OFF DYNAMICLIGHTMAP_OFF ok=1
Cmd: compileSnippet
  api=5 type=0 insize=7111 outsize=6265 kw=DIRECTIONAL SHADOWS_SCREEN SHADOWS_NATIVE LIGHTMAP_OFF DIRLIGHTMAP_OFF DYNAMICLIGHTMAP_OFF ok=1
Cmd: compileSnippet
  api=9 type=0 insize=7111 outsize=7788 kw=DIRECTIONAL SHADOWS_SCREEN SHADOWS_NATIVE LIGHTMAP_OFF DIRLIGHTMAP_OFF DYNAMICLIGHTMAP_OFF VERTEXLIGHT_ON ok=1
Cmd: compileSnippet
  api=9 type=0 insize=7111 outsize=7409 kw=DIRECTIONAL SHADOWS_OFF LIGHTMAP_OFF DIRLIGHTMAP_OFF DYNAMICLIGHTMAP_OFF FOG_EXP2 VERTEXLIGHT_ON ok=1
Cmd: compileSnippet
  api=5 type=0 insize=7111 outsize=8261 kw=DIRECTIONAL SHADOWS_SCREEN SHADOWS_NATIVE LIGHTMAP_OFF DIRLIGHTMAP_OFF DYNAMICLIGHTMAP_OFF FOG_EXP2 VERTEXLIGHT_ON ok=1
Cmd: compileSnippet
  api=9 type=1 insize=7111 outsize=7 kw=DIRECTIONAL SHADOWS_OFF LIGHTMAP_OFF DIRLIGHTMAP_OFF DYNAMICLIGHTMAP_OFF ok=1
Cmd: compileSnippet
  api=5 type=1 insize=7111 outsize=6 kw=DIRECTIONAL SHADOWS_OFF LIGHTMAP_OFF DIRLIGHTMAP_OFF DYNAMICLIGHTMAP_OFF FOG_EXP2 ok=1
Cmd: compileSnippet
  api=9 type=0 insize=3923 outsize=5005 kw=POINT ok=1
Cmd: compileSnippet
  api=5 type=0 insize=3923 outsize=5091 kw=POINT_COOKIE ok=1
Cmd: compileSnippet
  api=5 type=0 insize=3923 outsize=5396 kw=POINT FOG_EXP2 ok=1
Cmd: compileSnippet
  api=5 type=0 insize=3923 outsize=5736 kw=SPOT FOG_EXP2 ok=1
Cmd: compileSnippet
  api=5 type=0 insize=3923 outsize=5292 kw=DIRECTIONAL_COOKIE FOG_EXP2 ok=1
Cmd: compileSnippet
  api=9 type=1 insize=3923 outsize=7 kw=DIRECTIONAL ok=1
Cmd: compileSnippet
  api=9 type=1 insize=3923 outsize=7 kw=SPOT ok=1
Cmd: compileSnippet
  api=9 type=1 insize=3923 outsize=7 kw=DIRECTIONAL_COOKIE ok=1
Cmd: compileSnippet
  api=9 type=1 insize=3923 outsize=7 kw=DIRECTIONAL FOG_EXP2 ok=1
Cmd: compileSnippet
  api=9 type=1 insize=3923 outsize=7 kw=POINT_COOKIE FOG_EXP2 ok=1
Cmd: compileSnippet
  api=9 type=0 insize=3249 outsize=3722 kw= ok=1
Cmd: compileSnippet
  api=9 type=0 insize=6251 outsize=5575 kw=LIGHTMAP_OFF DIRLIGHTMAP_OFF DYNAMICLIGHTMAP_OFF HDR_LIGHT_PREPASS_OFF ok=1
Cmd: compileSnippet
  api=9 type=0 insize=6251 outsize=5951 kw=LIGHTMAP_OFF DIRLIGHTMAP_OFF DYNAMICLIGHTMAP_OFF FOG_EXP2 UNITY_HDR_ON ok=1
Cmd: compileSnippet
  api=9 type=1 insize=6251 outsize=7 kw=LIGHTMAP_OFF DIRLIGHTMAP_OFF DYNAMICLIGHTMAP_OFF UNITY_HDR_ON ok=1
Cmd: compileSnippet
  api=9 type=1 insize=6251 outsize=7 kw=LIGHTMAP_OFF DIRLIGHTMAP_OFF DYNAMICLIGHTMAP_OFF FOG_EXP2 HDR_LIGHT_PREPASS_OFF ok=1
Cmd: compileSnippet
  api=9 type=0 insize=6204 outsize=5465 kw=LIGHTMAP_OFF DIRLIGHTMAP_OFF DYNAMICLIGHTMAP_OFF UNITY_HDR_ON ok=1
Cmd: compileSnippet
  api=9 type=1 insize=6204 outsize=7 kw=LIGHTMAP_OFF DIRLIGHTMAP_OFF DYNAMICLIGHTMAP_OFF UNITY_HDR_ON ok=1
Cmd: compileSnippet
  api=9 type=0 insize=3054 outsize=3124 kw=SHADOWS_CUBE ok=1
Cmd: compileSnippet
  api=5 type=1 insize=3054 outsize=6 kw=SHADOWS_CUBE ok=1
Cmd: compileSnippet
  api=5 type=0 insize=7502 outsize=7529 kw=DIRECTIONAL SHADOWS_OFF LIGHTMAP_OFF DIRLIGHTMAP_OFF DYNAMICLIGHTMAP_OFF VERTEXLIGHT_ON ok=1
Cmd: compileSnippet
  api=9 type=0 insize=7502 outsize=6760 kw=DIRECTIONAL SHADOWS_SCREEN SHADOWS_NATIVE LIGHTMAP_OFF DIRLIGHTMAP_OFF DYNAMICLIGHTMAP_OFF ok=1
Cmd: compileSnippet
  api=9 type=0 insize=7502 outsize=6382 kw=DIRECTIONAL SHADOWS_OFF LIGHTMAP_OFF DIRLIGHTMAP_OFF DYNAMICLIGHTMAP_OFF FOG_EXP2 ok=1
Cmd: compileSnippet
  api=5 type=0 insize=7502 outsize=8784 kw=DIRECTIONAL SHADOWS_SCREEN LIGHTMAP_OFF DIRLIGHTMAP_OFF DYNAMICLIGHTMAP_OFF FOG_EXP2 VERTEXLIGHT_ON ok=1
Cmd: compileSnippet
  api=9 type=0 insize=7502 outsize=8749 kw=DIRECTIONAL SHADOWS_SCREEN SHADOWS_NATIVE LIGHTMAP_OFF DIRLIGHTMAP_OFF DYNAMICLIGHTMAP_OFF FOG_EXP2 VERTEXLIGHT_ON ok=1
Cmd: compileSnippet
  api=5 type=1 insize=7502 outsize=6 kw=DIRECTIONAL SHADOWS_SCREEN SHADOWS_NATIVE LIGHTMAP_OFF DIRLIGHTMAP_OFF DYNAMICLIGHTMAP_OFF ok=1
Cmd: compileSnippet
  api=9 type=1 insize=7502 outsize=7 kw=DIRECTIONAL SHADOWS_OFF LIGHTMAP_OFF DIRLIGHTMAP_OFF DYNAMICLIGHTMAP_OFF FOG_EXP2 ok=1
Cmd: compileSnippet
  api=9 type=0 insize=4314 outsize=5543 kw=POINT ok=1
Cmd: compileSnippet
  api=9 type=0 insize=4314 outsize=5631 kw=POINT_COOKIE ok=1
Cmd: compileSnippet
  api=9 type=0 insize=4314 outsize=5439 kw=DIRECTIONAL_COOKIE ok=1
Cmd: compileSnippet
  api=5 type=0 insize=4314 outsize=6281 kw=SPOT FOG_EXP2 ok=1
Cmd: compileSnippet
  api=9 type=0 insize=4314 outsize=6019 kw=POINT_COOKIE FOG_EXP2 ok=1
Cmd: compileSnippet
  api=9 type=1 insize=4314 outsize=7 kw=DIRECTIONAL ok=1
Cmd: compileSnippet
  api=9 type=1 insize=4314 outsize=7 kw=SPOT ok=1
Cmd: compileSnippet
  api=9 type=1 insize=4314 outsize=7 kw=DIRECTIONAL_COOKIE ok=1
Cmd: compileSnippet
  api=9 type=1 insize=4314 outsize=7 kw=SPOT FOG_EXP2 ok=1
Cmd: compileSnippet
  api=9 type=1 insize=4314 outsize=7 kw=DIRECTIONAL_COOKIE FOG_EXP2 ok=1
Cmd: compileSnippet
  api=9 type=0 insize=3640 outsize=4260 kw= ok=1
Cmd: compileSnippet
  api=5 type=0 insize=6642 outsize=6113 kw=LIGHTMAP_OFF DIRLIGHTMAP_OFF DYNAMICLIGHTMAP_OFF UNITY_HDR_ON ok=1
Cmd: compileSnippet
  api=9 type=0 insize=6642 outsize=6498 kw=LIGHTMAP_OFF DIRLIGHTMAP_OFF DYNAMICLIGHTMAP_OFF FOG_EXP2 HDR_LIGHT_PREPASS_OFF ok=1
Cmd: compileSnippet
  api=5 type=1 insize=6642 outsize=6 kw=LIGHTMAP_OFF DIRLIGHTMAP_OFF DYNAMICLIGHTMAP_OFF UNITY_HDR_ON ok=1
Cmd: compileSnippet
  api=5 type=1 insize=6642 outsize=6 kw=LIGHTMAP_OFF DIRLIGHTMAP_OFF DYNAMICLIGHTMAP_OFF FOG_EXP2 UNITY_HDR_ON ok=1
Cmd: compileSnippet
  api=9 type=0 insize=6595 outsize=6121 kw=LIGHTMAP_OFF DIRLIGHTMAP_OFF DYNAMICLIGHTMAP_OFF HDR_LIGHT_PREPASS_OFF ok=1
Cmd: compileSnippet
  api=5 type=1 insize=6595 outsize=6 kw=LIGHTMAP_OFF DIRLIGHTMAP_OFF DYNAMICLIGHTMAP_OFF UNITY_HDR_ON ok=1
Cmd: compileSnippet
  api=9 type=0 insize=3445 outsize=5231 kw=SHADOWS_DEPTH ok=1
Cmd: compileSnippet
  api=9 type=1 insize=3445 outsize=7 kw=SHADOWS_CUBE ok=1
Cmd: compileSnippet
  api=9 type=0 insize=63853 outsize=5472 kw=DIRECTIONAL SHADOWS_OFF LIGHTMAP_OFF DIRLIGHTMAP_OFF DYNAMICLIGHTMAP_OFF ok=1
Cmd: compileSnippet
  api=5 type=0 insize=63853 outsize=6400 kw=DIRECTIONAL SHADOWS_SCREEN SHADOWS_NATIVE LIGHTMAP_OFF DIRLIGHTMAP_OFF DYNAMICLIGHTMAP_OFF ok=1
Cmd: compileSnippet
  api=5 type=0 insize=63853 outsize=7908 kw=DIRECTIONAL SHADOWS_SCREEN SHADOWS_NATIVE LIGHTMAP_OFF DIRLIGHTMAP_OFF DYNAMICLIGHTMAP_OFF VERTEXLIGHT_ON ok=1
Cmd: compileSnippet
  api=5 type=0 insize=63853 outsize=6832 kw=DIRECTIONAL SHADOWS_SCREEN LIGHTMAP_OFF DIRLIGHTMAP_OFF DYNAMICLIGHTMAP_OFF FOG_EXP2 ok=1
Cmd: compileSnippet
  api=5 type=0 insize=63853 outsize=6856 kw=DIRECTIONAL SHADOWS_SCREEN SHADOWS_NATIVE LIGHTMAP_OFF DIRLIGHTMAP_OFF DYNAMICLIGHTMAP_OFF FOG_EXP2 ok=1
Cmd: compileSnippet
  api=5 type=0 insize=63853 outsize=7954 kw=DIRECTIONAL SHADOWS_OFF LIGHTMAP_OFF DIRLIGHTMAP_OFF DYNAMICLIGHTMAP_OFF _TERRAIN_NORMAL_MAP ok=1
Cmd: compileSnippet
  api=9 type=0 insize=63853 outsize=9391 kw=DIRECTIONAL SHADOWS_OFF LIGHTMAP_OFF DIRLIGHTMAP_OFF DYNAMICLIGHTMAP_OFF VERTEXLIGHT_ON _TERRAIN_NORMAL_MAP ok=1
Cmd: compileSnippet
  api=5 type=0 insize=63853 outsize=10337 kw=DIRECTIONAL SHADOWS_SCREEN SHADOWS_NATIVE LIGHTMAP_OFF DIRLIGHTMAP_OFF DYNAMICLIGHTMAP_OFF VERTEXLIGHT_ON _TERRAIN_NORMAL_MAP ok=1
Cmd: compileSnippet
  api=5 type=0 insize=63853 outsize=9256 kw=DIRECTIONAL SHADOWS_SCREEN LIGHTMAP_OFF DIRLIGHTMAP_OFF DYNAMICLIGHTMAP_OFF FOG_EXP2 _TERRAIN_NORMAL_MAP ok=1
Cmd: compileSnippet
  api=5 type=0 insize=63853 outsize=9280 kw=DIRECTIONAL SHADOWS_SCREEN SHADOWS_NATIVE LIGHTMAP_OFF DIRLIGHTMAP_OFF DYNAMICLIGHTMAP_OFF FOG_EXP2 _TERRAIN_NORMAL_MAP ok=1
Cmd: compileSnippet
  api=9 type=1 insize=63853 outsize=7 kw=DIRECTIONAL SHADOWS_OFF LIGHTMAP_OFF DIRLIGHTMAP_OFF DYNAMICLIGHTMAP_OFF ok=1
Cmd: compileSnippet
  api=9 type=1 insize=63853 outsize=7 kw=DIRECTIONAL SHADOWS_SCREEN SHADOWS_NATIVE LIGHTMAP_OFF DIRLIGHTMAP_OFF DYNAMICLIGHTMAP_OFF ok=1
Cmd: compileSnippet
  api=9 type=1 insize=63853 outsize=7 kw=DIRECTIONAL SHADOWS_SCREEN SHADOWS_NATIVE LIGHTMAP_OFF DIRLIGHTMAP_OFF DYNAMICLIGHTMAP_OFF FOG_EXP2 ok=1
Cmd: compileSnippet
  api=5 type=1 insize=63853 outsize=6 kw=DIRECTIONAL SHADOWS_SCREEN LIGHTMAP_OFF DIRLIGHTMAP_OFF DYNAMICLIGHTMAP_OFF _TERRAIN_NORMAL_MAP ok=1
Cmd: compileSnippet
  api=9 type=1 insize=63853 outsize=7 kw=DIRECTIONAL SHADOWS_SCREEN SHADOWS_NATIVE LIGHTMAP_OFF DIRLIGHTMAP_OFF DYNAMICLIGHTMAP_OFF FOG_EXP2 _TERRAIN_NORMAL_MAP ok=1
Cmd: compileSnippet
  api=9 type=0 insize=40291 outsize=4290 kw=DIRECTIONAL ok=1
Cmd: compileSnippet
  api=9 type=0 insize=40291 outsize=5164 kw=SPOT ok=1
Cmd: compileSnippet
  api=9 type=0 insize=40291 outsize=4720 kw=DIRECTIONAL_COOKIE ok=1
Cmd: compileSnippet
  api=5 type=0 insize=40291 outsize=4734 kw=DIRECTIONAL FOG_EXP2 ok=1
Cmd: compileSnippet
  api=5 type=0 insize=40291 outsize=5367 kw=POINT_COOKIE FOG_EXP2 ok=1
Cmd: compileSnippet
  api=5 type=0 insize=40291 outsize=7003 kw=POINT _TERRAIN_NORMAL_MAP ok=1
Cmd: compileSnippet
  api=9 type=0 insize=40291 outsize=7313 kw=SPOT _TERRAIN_NORMAL_MAP ok=1
Cmd: compileSnippet
  api=5 type=0 insize=40291 outsize=6899 kw=DIRECTIONAL_COOKIE _TERRAIN_NORMAL_MAP ok=1
Cmd: compileSnippet
  api=5 type=0 insize=40291 outsize=7801 kw=SPOT FOG_EXP2 _TERRAIN_NORMAL_MAP ok=1
Cmd: compileSnippet
  api=5 type=0 insize=40291 outsize=7355 kw=DIRECTIONAL_COOKIE FOG_EXP2 _TERRAIN_NORMAL_MAP ok=1
Cmd: compileSnippet
  api=5 type=1 insize=40291 outsize=6 kw=DIRECTIONAL ok=1
Cmd: compileSnippet
  api=5 type=1 insize=40291 outsize=6 kw=POINT_COOKIE ok=1
Cmd: compileSnippet
  api=9 type=1 insize=40291 outsize=7 kw=POINT FOG_EXP2 ok=1
Cmd: compileSnippet
  api=5 type=1 insize=40291 outsize=6 kw=POINT_COOKIE FOG_EXP2 ok=1
Cmd: compileSnippet
  api=5 type=1 insize=40291 outsize=6 kw=POINT _TERRAIN_NORMAL_MAP ok=1
Cmd: compileSnippet
  api=9 type=1 insize=40291 outsize=7 kw=DIRECTIONAL _TERRAIN_NORMAL_MAP ok=1
Cmd: compileSnippet
  api=5 type=1 insize=40291 outsize=6 kw=DIRECTIONAL_COOKIE _TERRAIN_NORMAL_MAP ok=1
Cmd: compileSnippet
  api=9 type=1 insize=40291 outsize=7 kw=DIRECTIONAL_COOKIE _TERRAIN_NORMAL_MAP ok=1
Cmd: compileSnippet
  api=9 type=1 insize=40291 outsize=7 kw=DIRECTIONAL FOG_EXP2 _TERRAIN_NORMAL_MAP ok=1
Cmd: compileSnippet
  api=9 type=1 insize=40291 outsize=7 kw=POINT_COOKIE FOG_EXP2 _TERRAIN_NORMAL_MAP ok=1
Cmd: compileSnippet
  api=5 type=0 insize=31178 outsize=6806 kw=DIRECTIONAL SHADOWS_OFF LIGHTMAP_OFF DIRLIGHTMAP_OFF DYNAMICLIGHTMAP_OFF VERTEXLIGHT_ON ok=1
Cmd: compileSnippet
  api=9 type=0 insize=31178 outsize=6064 kw=DIRECTIONAL SHADOWS_SCREEN SHADOWS_NATIVE LIGHTMAP_OFF DIRLIGHTMAP_OFF DYNAMICLIGHTMAP_OFF ok=1
Cmd: compileSnippet
  api=9 type=0 insize=31178 outsize=5689 kw=DIRECTIONAL SHADOWS_OFF LIGHTMAP_OFF DIRLIGHTMAP_OFF DYNAMICLIGHTMAP_OFF FOG_EXP2 ok=1
Cmd: compileSnippet
  api=5 type=0 insize=31178 outsize=7262 kw=DIRECTIONAL SHADOWS_OFF LIGHTMAP_OFF DIRLIGHTMAP_OFF DYNAMICLIGHTMAP_OFF FOG_EXP2 VERTEXLIGHT_ON ok=1
Cmd: compileSnippet
  api=9 type=0 insize=31178 outsize=6517 kw=DIRECTIONAL SHADOWS_SCREEN SHADOWS_NATIVE LIGHTMAP_OFF DIRLIGHTMAP_OFF DYNAMICLIGHTMAP_OFF FOG_EXP2 ok=1
Cmd: compileSnippet
  api=5 type=1 insize=31178 outsize=6 kw=DIRECTIONAL SHADOWS_SCREEN SHADOWS_NATIVE LIGHTMAP_OFF DIRLIGHTMAP_OFF DYNAMICLIGHTMAP_OFF ok=1
Cmd: compileSnippet
  api=9 type=1 insize=31178 outsize=7 kw=DIRECTIONAL SHADOWS_OFF LIGHTMAP_OFF DIRLIGHTMAP_OFF DYNAMICLIGHTMAP_OFF FOG_EXP2 ok=1
Cmd: compileSnippet
  api=5 type=0 insize=18179 outsize=4287 kw=DIRECTIONAL ok=1
Cmd: compileSnippet
  api=5 type=0 insize=18179 outsize=5170 kw=SPOT ok=1
Cmd: compileSnippet
  api=5 type=0 insize=18179 outsize=4724 kw=DIRECTIONAL_COOKIE ok=1
Cmd: compileSnippet
  api=5 type=0 insize=18179 outsize=4734 kw=DIRECTIONAL FOG_EXP2 ok=1
Cmd: compileSnippet
  api=5 type=0 insize=18179 outsize=5367 kw=POINT_COOKIE FOG_EXP2 ok=1
Cmd: compileSnippet
  api=9 type=1 insize=18179 outsize=7 kw=POINT ok=1
Cmd: compileSnippet
  api=5 type=1 insize=18179 outsize=6 kw=POINT_COOKIE ok=1
Cmd: compileSnippet
  api=5 type=1 insize=18179 outsize=6 kw=POINT FOG_EXP2 ok=1
Cmd: compileSnippet
  api=5 type=1 insize=18179 outsize=6 kw=DIRECTIONAL FOG_EXP2 ok=1
Cmd: compileSnippet
  api=5 type=1 insize=18179 outsize=6 kw=POINT_COOKIE FOG_EXP2 ok=1
Cmd: compileSnippet
  api=9 type=0 insize=63517 outsize=5472 kw=DIRECTIONAL SHADOWS_OFF LIGHTMAP_OFF DIRLIGHTMAP_OFF DYNAMICLIGHTMAP_OFF ok=1
Cmd: compileSnippet
  api=9 type=0 insize=63517 outsize=7036 kw=DIRECTIONAL SHADOWS_OFF LIGHTMAP_OFF DIRLIGHTMAP_OFF DYNAMICLIGHTMAP_OFF VERTEXLIGHT_ON ok=1
Cmd: compileSnippet
  api=9 type=0 insize=63517 outsize=7805 kw=DIRECTIONAL SHADOWS_SCREEN SHADOWS_NATIVE LIGHTMAP_OFF DIRLIGHTMAP_OFF DYNAMICLIGHTMAP_OFF VERTEXLIGHT_ON ok=1
Cmd: compileSnippet
  api=5 type=0 insize=63517 outsize=7581 kw=DIRECTIONAL SHADOWS_OFF LIGHTMAP_OFF DIRLIGHTMAP_OFF DYNAMICLIGHTMAP_OFF FOG_EXP2 VERTEXLIGHT_ON ok=1
Cmd: compileSnippet
  api=5 type=0 insize=63517 outsize=8396 kw=DIRECTIONAL SHADOWS_SCREEN SHADOWS_NATIVE LIGHTMAP_OFF DIRLIGHTMAP_OFF DYNAMICLIGHTMAP_OFF FOG_EXP2 VERTEXLIGHT_ON ok=1
Cmd: compileSnippet
  api=5 type=0 insize=63517 outsize=8805 kw=DIRECTIONAL SHADOWS_SCREEN LIGHTMAP_OFF DIRLIGHTMAP_OFF DYNAMICLIGHTMAP_OFF _TERRAIN_NORMAL_MAP ok=1
Cmd: compileSnippet
  api=5 type=0 insize=63517 outsize=8829 kw=DIRECTIONAL SHADOWS_SCREEN SHADOWS_NATIVE LIGHTMAP_OFF DIRLIGHTMAP_OFF DYNAMICLIGHTMAP_OFF _TERRAIN_NORMAL_MAP ok=1
Cmd: compileSnippet
  api=5 type=0 insize=63517 outsize=8440 kw=DIRECTIONAL SHADOWS_OFF LIGHTMAP_OFF DIRLIGHTMAP_OFF DYNAMICLIGHTMAP_OFF FOG_EXP2 _TERRAIN_NORMAL_MAP ok=1
Cmd: compileSnippet
  api=9 type=0 insize=63517 outsize=9878 kw=DIRECTIONAL SHADOWS_OFF LIGHTMAP_OFF DIRLIGHTMAP_OFF DYNAMICLIGHTMAP_OFF FOG_EXP2 VERTEXLIGHT_ON _TERRAIN_NORMAL_MAP ok=1
Cmd: compileSnippet
  api=5 type=0 insize=63517 outsize=10820 kw=DIRECTIONAL SHADOWS_SCREEN SHADOWS_NATIVE LIGHTMAP_OFF DIRLIGHTMAP_OFF DYNAMICLIGHTMAP_OFF FOG_EXP2 VERTEXLIGHT_ON _TERRAIN_NORMAL_MAP ok=1
Cmd: compileSnippet
  api=5 type=1 insize=63517 outsize=6 kw=DIRECTIONAL SHADOWS_SCREEN SHADOWS_NATIVE LIGHTMAP_OFF DIRLIGHTMAP_OFF DYNAMICLIGHTMAP_OFF ok=1
Cmd: compileSnippet
  api=5 type=1 insize=63517 outsize=6 kw=DIRECTIONAL SHADOWS_SCREEN LIGHTMAP_OFF DIRLIGHTMAP_OFF DYNAMICLIGHTMAP_OFF FOG_EXP2 ok=1
Cmd: compileSnippet
  api=9 type=1 insize=63517 outsize=7 kw=DIRECTIONAL SHADOWS_OFF LIGHTMAP_OFF DIRLIGHTMAP_OFF DYNAMICLIGHTMAP_OFF _TERRAIN_NORMAL_MAP ok=1
Cmd: compileSnippet
  api=5 type=1 insize=63517 outsize=6 kw=DIRECTIONAL SHADOWS_SCREEN LIGHTMAP_OFF DIRLIGHTMAP_OFF DYNAMICLIGHTMAP_OFF _TERRAIN_NORMAL_MAP ok=1
Cmd: compileSnippet
  api=9 type=1 insize=63517 outsize=7 kw=DIRECTIONAL SHADOWS_OFF LIGHTMAP_OFF DIRLIGHTMAP_OFF DYNAMICLIGHTMAP_OFF FOG_EXP2 _TERRAIN_NORMAL_MAP ok=1
Cmd: compileSnippet
  api=9 type=0 insize=39955 outsize=4824 kw=POINT ok=1
Cmd: compileSnippet
  api=9 type=0 insize=39955 outsize=4912 kw=POINT_COOKIE ok=1
Cmd: compileSnippet
  api=9 type=0 insize=39955 outsize=5271 kw=POINT FOG_EXP2 ok=1
Cmd: compileSnippet
  api=9 type=0 insize=39955 outsize=5611 kw=SPOT FOG_EXP2 ok=1
Cmd: compileSnippet
  api=9 type=0 insize=39955 outsize=5167 kw=DIRECTIONAL_COOKIE FOG_EXP2 ok=1
Cmd: compileSnippet
  api=9 type=0 insize=39955 outsize=6439 kw=DIRECTIONAL _TERRAIN_NORMAL_MAP ok=1
Cmd: compileSnippet
  api=9 type=0 insize=39955 outsize=7061 kw=POINT_COOKIE _TERRAIN_NORMAL_MAP ok=1
Cmd: compileSnippet
  api=9 type=0 insize=39955 outsize=7429 kw=POINT FOG_EXP2 _TERRAIN_NORMAL_MAP ok=1
Cmd: compileSnippet
  api=9 type=0 insize=39955 outsize=7769 kw=SPOT FOG_EXP2 _TERRAIN_NORMAL_MAP ok=1
Cmd: compileSnippet
  api=9 type=0 insize=39955 outsize=7325 kw=DIRECTIONAL_COOKIE FOG_EXP2 _TERRAIN_NORMAL_MAP ok=1
Cmd: compileSnippet
  api=5 type=1 insize=39955 outsize=6 kw=DIRECTIONAL ok=1
Cmd: compileSnippet
  api=5 type=1 insize=39955 outsize=6 kw=SPOT ok=1
Cmd: compileSnippet
  api=9 type=1 insize=39955 outsize=7 kw=DIRECTIONAL_COOKIE ok=1
Cmd: compileSnippet
  api=5 type=1 insize=39955 outsize=6 kw=DIRECTIONAL FOG_EXP2 ok=1
Cmd: compileSnippet
  api=5 type=1 insize=39955 outsize=6 kw=DIRECTIONAL_COOKIE FOG_EXP2 ok=1
Cmd: compileSnippet
  api=9 type=1 insize=39955 outsize=7 kw=POINT _TERRAIN_NORMAL_MAP ok=1
Cmd: compileSnippet
  api=9 type=1 insize=39955 outsize=7 kw=POINT_COOKIE _TERRAIN_NORMAL_MAP ok=1
Cmd: compileSnippet
  api=9 type=1 insize=39955 outsize=7 kw=POINT FOG_EXP2 _TERRAIN_NORMAL_MAP ok=1
Cmd: compileSnippet
  api=9 type=1 insize=39955 outsize=7 kw=DIRECTIONAL FOG_EXP2 _TERRAIN_NORMAL_MAP ok=1
Cmd: compileSnippet
  api=5 type=1 insize=39955 outsize=6 kw=DIRECTIONAL_COOKIE FOG_EXP2 _TERRAIN_NORMAL_MAP ok=1
Cmd: compileSnippet
  api=9 type=0 insize=31010 outsize=5238 kw=DIRECTIONAL SHADOWS_OFF LIGHTMAP_OFF DIRLIGHTMAP_OFF DYNAMICLIGHTMAP_OFF ok=1
Cmd: compileSnippet
  api=9 type=0 insize=31010 outsize=6800 kw=DIRECTIONAL SHADOWS_OFF LIGHTMAP_OFF DIRLIGHTMAP_OFF DYNAMICLIGHTMAP_OFF VERTEXLIGHT_ON ok=1
Cmd: compileSnippet
  api=9 type=0 insize=31010 outsize=7569 kw=DIRECTIONAL SHADOWS_SCREEN SHADOWS_NATIVE LIGHTMAP_OFF DIRLIGHTMAP_OFF DYNAMICLIGHTMAP_OFF VERTEXLIGHT_ON ok=1
Cmd: compileSnippet
  api=9 type=0 insize=31010 outsize=7289 kw=DIRECTIONAL SHADOWS_OFF LIGHTMAP_OFF DIRLIGHTMAP_OFF DYNAMICLIGHTMAP_OFF FOG_EXP2 VERTEXLIGHT_ON ok=1
Cmd: compileSnippet
  api=9 type=0 insize=31010 outsize=8059 kw=DIRECTIONAL SHADOWS_SCREEN SHADOWS_NATIVE LIGHTMAP_OFF DIRLIGHTMAP_OFF DYNAMICLIGHTMAP_OFF FOG_EXP2 VERTEXLIGHT_ON ok=1
Cmd: compileSnippet
  api=5 type=1 insize=31010 outsize=6 kw=DIRECTIONAL SHADOWS_SCREEN SHADOWS_NATIVE LIGHTMAP_OFF DIRLIGHTMAP_OFF DYNAMICLIGHTMAP_OFF ok=1
Cmd: compileSnippet
  api=9 type=1 insize=31010 outsize=7 kw=DIRECTIONAL SHADOWS_SCREEN SHADOWS_NATIVE LIGHTMAP_OFF DIRLIGHTMAP_OFF DYNAMICLIGHTMAP_OFF ok=1
Cmd: compileSnippet
  api=5 type=1 insize=31010 outsize=6 kw=DIRECTIONAL SHADOWS_SCREEN SHADOWS_NATIVE LIGHTMAP_OFF DIRLIGHTMAP_OFF DYNAMICLIGHTMAP_OFF FOG_EXP2 ok=1
Cmd: compileSnippet
  api=9 type=0 insize=18011 outsize=4290 kw=DIRECTIONAL ok=1
Cmd: compileSnippet
  api=5 type=0 insize=18011 outsize=4920 kw=POINT_COOKIE ok=1
Cmd: compileSnippet
  api=9 type=0 insize=18011 outsize=5271 kw=POINT FOG_EXP2 ok=1
Cmd: compileSnippet
  api=5 type=0 insize=18011 outsize=5617 kw=SPOT FOG_EXP2 ok=1
Cmd: compileSnippet
  api=5 type=0 insize=18011 outsize=5171 kw=DIRECTIONAL_COOKIE FOG_EXP2 ok=1
Cmd: compileSnippet
  api=9 type=1 insize=18011 outsize=7 kw=DIRECTIONAL ok=1
Cmd: compileSnippet
  api=5 type=1 insize=18011 outsize=6 kw=POINT_COOKIE ok=1
Cmd: compileSnippet
  api=5 type=1 insize=18011 outsize=6 kw=POINT FOG_EXP2 ok=1
Cmd: compileSnippet
  api=5 type=1 insize=18011 outsize=6 kw=SPOT FOG_EXP2 ok=1
Cmd: compileSnippet
  api=9 type=0 insize=1041 outsize=1919 kw= ok=1
Cmd: compileSnippet
  api=5 type=1 insize=1041 outsize=6 kw=FOG_EXP2 ok=1
Cmd: compileSnippet
  api=9 type=0 insize=631 outsize=5580 kw= ok=1
Cmd: compileSnippet
  api=9 type=1 insize=631 outsize=7 kw= ok=1
Cmd: compileSnippet
  api=9 type=0 insize=1004 outsize=3278 kw=SHADOWS_DEPTH ok=1
Cmd: compileSnippet
  api=5 type=1 insize=1004 outsize=6 kw=SHADOWS_CUBE ok=1
Cmd: compileSnippet
  api=9 type=0 insize=65644 outsize=7676 kw=DIRECTIONAL SHADOWS_OFF LIGHTMAP_OFF DIRLIGHTMAP_OFF DYNAMICLIGHTMAP_OFF VERTEXLIGHT_ON ok=1
Cmd: compileSnippet
  api=9 type=0 insize=65644 outsize=7421 kw=DIRECTIONAL SHADOWS_SCREEN SHADOWS_NATIVE LIGHTMAP_OFF DIRLIGHTMAP_OFF DYNAMICLIGHTMAP_OFF FOG_EXP2 ok=1
Cmd: compileSnippet
  api=9 type=0 insize=65644 outsize=9427 kw=DIRECTIONAL SHADOWS_SCREEN SHADOWS_NATIVE LIGHTMAP_OFF DIRLIGHTMAP_OFF DYNAMICLIGHTMAP_OFF _TERRAIN_NORMAL_MAP ok=1
Cmd: compileSnippet
  api=9 type=0 insize=65644 outsize=9911 kw=DIRECTIONAL SHADOWS_SCREEN SHADOWS_NATIVE LIGHTMAP_OFF DIRLIGHTMAP_OFF DYNAMICLIGHTMAP_OFF FOG_EXP2 _TERRAIN_NORMAL_MAP ok=1
Cmd: compileSnippet
  api=9 type=1 insize=65644 outsize=7 kw=DIRECTIONAL SHADOWS_OFF LIGHTMAP_OFF DIRLIGHTMAP_OFF DYNAMICLIGHTMAP_OFF FOG_EXP2 ok=1
Cmd: compileSnippet
  api=9 type=1 insize=65644 outsize=7 kw=DIRECTIONAL SHADOWS_SCREEN SHADOWS_NATIVE LIGHTMAP_OFF DIRLIGHTMAP_OFF DYNAMICLIGHTMAP_OFF FOG_EXP2 _TERRAIN_NORMAL_MAP ok=1
Cmd: compileSnippet
  api=9 type=0 insize=41746 outsize=5517 kw=POINT_COOKIE ok=1
Cmd: compileSnippet
  api=9 type=0 insize=41746 outsize=5325 kw=DIRECTIONAL_COOKIE ok=1
Cmd: compileSnippet
  api=9 type=0 insize=41746 outsize=5964 kw=POINT_COOKIE FOG_EXP2 ok=1
Cmd: compileSnippet
  api=9 type=0 insize=41746 outsize=7916 kw=SPOT _TERRAIN_NORMAL_MAP ok=1
Cmd: compileSnippet
  api=9 type=0 insize=41746 outsize=7534 kw=DIRECTIONAL FOG_EXP2 _TERRAIN_NORMAL_MAP ok=1
Cmd: compileSnippet
  api=9 type=1 insize=41746 outsize=7 kw=DIRECTIONAL ok=1
Cmd: compileSnippet
  api=9 type=1 insize=41746 outsize=7 kw=DIRECTIONAL_COOKIE ok=1
Cmd: compileSnippet
  api=9 type=1 insize=41746 outsize=7 kw=POINT_COOKIE FOG_EXP2 ok=1
Cmd: compileSnippet
  api=9 type=1 insize=41746 outsize=7 kw=SPOT _TERRAIN_NORMAL_MAP ok=1
Cmd: compileSnippet
  api=9 type=1 insize=41746 outsize=7 kw=POINT FOG_EXP2 _TERRAIN_NORMAL_MAP ok=1
Cmd: compileSnippet
  api=9 type=1 insize=41746 outsize=7 kw=DIRECTIONAL_COOKIE FOG_EXP2 _TERRAIN_NORMAL_MAP ok=1
Cmd: compileSnippet
  api=9 type=0 insize=65980 outsize=8440 kw=DIRECTIONAL SHADOWS_SCREEN SHADOWS_NATIVE LIGHTMAP_OFF DIRLIGHTMAP_OFF DYNAMICLIGHTMAP_OFF VERTEXLIGHT_ON ok=1
Cmd: compileSnippet
  api=9 type=0 insize=65980 outsize=8895 kw=DIRECTIONAL SHADOWS_SCREEN SHADOWS_NATIVE LIGHTMAP_OFF DIRLIGHTMAP_OFF DYNAMICLIGHTMAP_OFF FOG_EXP2 VERTEXLIGHT_ON ok=1
Cmd: compileSnippet
  api=9 type=0 insize=65980 outsize=10935 kw=DIRECTIONAL SHADOWS_SCREEN SHADOWS_NATIVE LIGHTMAP_OFF DIRLIGHTMAP_OFF DYNAMICLIGHTMAP_OFF VERTEXLIGHT_ON _TERRAIN_NORMAL_MAP ok=1
Cmd: compileSnippet
  api=9 type=0 insize=65980 outsize=11385 kw=DIRECTIONAL SHADOWS_SCREEN SHADOWS_NATIVE LIGHTMAP_OFF DIRLIGHTMAP_OFF DYNAMICLIGHTMAP_OFF FOG_EXP2 VERTEXLIGHT_ON _TERRAIN_NORMAL_MAP ok=1
Cmd: compileSnippet
  api=9 type=1 insize=65980 outsize=7 kw=DIRECTIONAL SHADOWS_SCREEN SHADOWS_NATIVE LIGHTMAP_OFF DIRLIGHTMAP_OFF DYNAMICLIGHTMAP_OFF FOG_EXP2 ok=1
Cmd: compileSnippet
  api=9 type=1 insize=65980 outsize=7 kw=DIRECTIONAL SHADOWS_SCREEN SHADOWS_NATIVE LIGHTMAP_OFF DIRLIGHTMAP_OFF DYNAMICLIGHTMAP_OFF FOG_EXP2 _TERRAIN_NORMAL_MAP ok=1
Cmd: compileSnippet
  api=9 type=0 insize=42082 outsize=4929 kw=DIRECTIONAL ok=1
Cmd: compileSnippet
  api=9 type=0 insize=42082 outsize=5376 kw=DIRECTIONAL FOG_EXP2 ok=1
Cmd: compileSnippet
  api=9 type=0 insize=42082 outsize=7078 kw=DIRECTIONAL _TERRAIN_NORMAL_MAP ok=1
Cmd: compileSnippet
  api=9 type=0 insize=42082 outsize=8034 kw=POINT FOG_EXP2 _TERRAIN_NORMAL_MAP ok=1
Cmd: compileSnippet
  api=9 type=0 insize=42082 outsize=7930 kw=DIRECTIONAL_COOKIE FOG_EXP2 _TERRAIN_NORMAL_MAP ok=1
Cmd: compileSnippet
  api=9 type=1 insize=42082 outsize=7 kw=POINT_COOKIE ok=1
Cmd: compileSnippet
  api=9 type=1 insize=42082 outsize=7 kw=POINT FOG_EXP2 ok=1
Cmd: compileSnippet
  api=9 type=1 insize=42082 outsize=7 kw=DIRECTIONAL _TERRAIN_NORMAL_MAP ok=1
Cmd: compileSnippet
  api=9 type=1 insize=42082 outsize=7 kw=POINT_COOKIE _TERRAIN_NORMAL_MAP ok=1
Cmd: compileSnippet
  api=9 type=1 insize=42082 outsize=7 kw=POINT_COOKIE FOG_EXP2 _TERRAIN_NORMAL_MAP ok=1
Cmd: compileSnippet
  api=9 type=0 insize=7037 outsize=3898 kw=DIRECTIONAL SHADOWS_OFF LIGHTMAP_OFF DIRLIGHTMAP_OFF DYNAMICLIGHTMAP_OFF ok=1
Cmd: compileSnippet
  api=5 type=0 insize=7037 outsize=6240 kw=DIRECTIONAL SHADOWS_SCREEN LIGHTMAP_OFF DIRLIGHTMAP_OFF DYNAMICLIGHTMAP_OFF VERTEXLIGHT_ON ok=1
Cmd: compileSnippet
  api=9 type=0 insize=7037 outsize=4320 kw=DIRECTIONAL SHADOWS_OFF LIGHTMAP_OFF DIRLIGHTMAP_OFF DYNAMICLIGHTMAP_OFF FOG_EXP2 ok=1
Cmd: compileSnippet
  api=5 type=0 insize=7037 outsize=6669 kw=DIRECTIONAL SHADOWS_SCREEN LIGHTMAP_OFF DIRLIGHTMAP_OFF DYNAMICLIGHTMAP_OFF FOG_EXP2 VERTEXLIGHT_ON ok=1
Cmd: compileSnippet
  api=9 type=0 insize=7037 outsize=6652 kw=DIRECTIONAL SHADOWS_SCREEN SHADOWS_NATIVE LIGHTMAP_OFF DIRLIGHTMAP_OFF DYNAMICLIGHTMAP_OFF FOG_EXP2 VERTEXLIGHT_ON ok=1
Cmd: compileSnippet
  api=5 type=1 insize=7037 outsize=6 kw=DIRECTIONAL SHADOWS_SCREEN SHADOWS_NATIVE LIGHTMAP_OFF DIRLIGHTMAP_OFF DYNAMICLIGHTMAP_OFF ok=1
Cmd: compileSnippet
  api=5 type=1 insize=7037 outsize=6 kw=DIRECTIONAL SHADOWS_SCREEN LIGHTMAP_OFF DIRLIGHTMAP_OFF DYNAMICLIGHTMAP_OFF FOG_EXP2 ok=1
Cmd: compileSnippet
  api=9 type=0 insize=3832 outsize=3472 kw=POINT ok=1
Cmd: compileSnippet
  api=9 type=0 insize=3832 outsize=3560 kw=POINT_COOKIE ok=1
Cmd: compileSnippet
  api=9 type=0 insize=3832 outsize=3852 kw=POINT FOG_EXP2 ok=1
Cmd: compileSnippet
  api=9 type=0 insize=3832 outsize=4190 kw=SPOT FOG_EXP2 ok=1
Cmd: compileSnippet
  api=9 type=0 insize=3832 outsize=3748 kw=DIRECTIONAL_COOKIE FOG_EXP2 ok=1
Cmd: compileSnippet
  api=5 type=1 insize=3832 outsize=6 kw=DIRECTIONAL ok=1
Cmd: compileSnippet
  api=5 type=1 insize=3832 outsize=6 kw=POINT_COOKIE ok=1
Cmd: compileSnippet
  api=5 type=1 insize=3832 outsize=6 kw=POINT FOG_EXP2 ok=1
Cmd: compileSnippet
  api=5 type=1 insize=3832 outsize=6 kw=SPOT FOG_EXP2 ok=1
Cmd: compileSnippet
  api=5 type=1 insize=3832 outsize=6 kw=DIRECTIONAL_COOKIE FOG_EXP2 ok=1
Cmd: compileSnippet
  api=9 type=1 insize=2904 outsize=7 kw= ok=1
Cmd: compileSnippet
  api=9 type=0 insize=6076 outsize=3612 kw=LIGHTMAP_OFF DIRLIGHTMAP_OFF DYNAMICLIGHTMAP_OFF UNITY_HDR_ON ok=1
Cmd: compileSnippet
  api=5 type=0 insize=6076 outsize=3991 kw=LIGHTMAP_OFF DIRLIGHTMAP_OFF DYNAMICLIGHTMAP_OFF FOG_EXP2 UNITY_HDR_ON ok=1
Cmd: compileSnippet
  api=9 type=1 insize=6076 outsize=7 kw=LIGHTMAP_OFF DIRLIGHTMAP_OFF DYNAMICLIGHTMAP_OFF UNITY_HDR_ON ok=1
Cmd: compileSnippet
  api=9 type=1 insize=6076 outsize=7 kw=LIGHTMAP_OFF DIRLIGHTMAP_OFF DYNAMICLIGHTMAP_OFF FOG_EXP2 HDR_LIGHT_PREPASS_OFF ok=1
Cmd: compileSnippet
  api=9 type=0 insize=141004 outsize=10960 kw=DIRECTIONAL SHADOWS_SCREEN SHADOWS_NATIVE LIGHTMAP_OFF DIRLIGHTMAP_OFF DYNAMICLIGHTMAP_OFF VERTEXLIGHT_ON ok=1
Cmd: compileSnippet
  api=9 type=0 insize=141004 outsize=11448 kw=DIRECTIONAL SHADOWS_SCREEN SHADOWS_NATIVE LIGHTMAP_OFF DIRLIGHTMAP_OFF DYNAMICLIGHTMAP_OFF FOG_EXP2 VERTEXLIGHT_ON ok=1
Cmd: compileSnippet
  api=9 type=0 insize=141004 outsize=10866 kw=DIRECTIONAL SHADOWS_SCREEN SHADOWS_NATIVE LIGHTMAP_OFF DIRLIGHTMAP_OFF DYNAMICLIGHTMAP_OFF VERTEXLIGHT_ON _TERRAIN_OVERRIDE_SMOOTHNESS ok=1
Cmd: compileSnippet
  api=9 type=0 insize=141004 outsize=11354 kw=DIRECTIONAL SHADOWS_SCREEN SHADOWS_NATIVE LIGHTMAP_OFF DIRLIGHTMAP_OFF DYNAMICLIGHTMAP_OFF FOG_EXP2 VERTEXLIGHT_ON _TERRAIN_OVERRIDE_SMOOTHNESS ok=1
Cmd: compileSnippet
  api=9 type=0 insize=141004 outsize=13457 kw=DIRECTIONAL SHADOWS_SCREEN SHADOWS_NATIVE LIGHTMAP_OFF DIRLIGHTMAP_OFF DYNAMICLIGHTMAP_OFF VERTEXLIGHT_ON _TERRAIN_NORMAL_MAP ok=1
Cmd: compileSnippet
  api=9 type=0 insize=141004 outsize=13940 kw=DIRECTIONAL SHADOWS_SCREEN SHADOWS_NATIVE LIGHTMAP_OFF DIRLIGHTMAP_OFF DYNAMICLIGHTMAP_OFF FOG_EXP2 VERTEXLIGHT_ON _TERRAIN_NORMAL_MAP ok=1
Cmd: compileSnippet
  api=9 type=0 insize=141004 outsize=13363 kw=DIRECTIONAL SHADOWS_SCREEN SHADOWS_NATIVE LIGHTMAP_OFF DIRLIGHTMAP_OFF DYNAMICLIGHTMAP_OFF VERTEXLIGHT_ON _TERRAIN_NORMAL_MAP _TERRAIN_OVERRIDE_SMOOTHNESS ok=1
Cmd: compileSnippet
  api=9 type=0 insize=141004 outsize=13846 kw=DIRECTIONAL SHADOWS_SCREEN SHADOWS_NATIVE LIGHTMAP_OFF DIRLIGHTMAP_OFF DYNAMICLIGHTMAP_OFF FOG_EXP2 VERTEXLIGHT_ON _TERRAIN_NORMAL_MAP _TERRAIN_OVERRIDE_SMOOTHNESS ok=1
Cmd: compileSnippet
  api=9 type=1 insize=141004 outsize=7 kw=DIRECTIONAL SHADOWS_OFF LIGHTMAP_OFF DIRLIGHTMAP_OFF DYNAMICLIGHTMAP_OFF FOG_EXP2 ok=1
Cmd: compileSnippet
  api=9 type=1 insize=141004 outsize=7 kw=DIRECTIONAL SHADOWS_SCREEN SHADOWS_NATIVE LIGHTMAP_OFF DIRLIGHTMAP_OFF DYNAMICLIGHTMAP_OFF FOG_EXP2 _TERRAIN_OVERRIDE_SMOOTHNESS ok=1
Cmd: compileSnippet
  api=9 type=1 insize=141004 outsize=7 kw=DIRECTIONAL SHADOWS_SCREEN SHADOWS_NATIVE LIGHTMAP_OFF DIRLIGHTMAP_OFF DYNAMICLIGHTMAP_OFF FOG_EXP2 _TERRAIN_NORMAL_MAP ok=1
Cmd: compileSnippet
  api=9 type=1 insize=141004 outsize=7 kw=DIRECTIONAL SHADOWS_SCREEN SHADOWS_NATIVE LIGHTMAP_OFF DIRLIGHTMAP_OFF DYNAMICLIGHTMAP_OFF FOG_EXP2 _TERRAIN_NORMAL_MAP _TERRAIN_OVERRIDE_SMOOTHNESS ok=1
Cmd: compileSnippet
  api=9 type=0 insize=93240 outsize=6849 kw=POINT_COOKIE ok=1
Cmd: compileSnippet
  api=9 type=0 insize=93240 outsize=6708 kw=DIRECTIONAL FOG_EXP2 ok=1
Cmd: compileSnippet
  api=9 type=0 insize=93240 outsize=7104 kw=DIRECTIONAL_COOKIE FOG_EXP2 ok=1
Cmd: compileSnippet
  api=9 type=0 insize=93240 outsize=7029 kw=SPOT _TERRAIN_OVERRIDE_SMOOTHNESS ok=1
Cmd: compileSnippet
  api=9 type=0 insize=93240 outsize=7226 kw=POINT_COOKIE FOG_EXP2 _TERRAIN_OVERRIDE_SMOOTHNESS ok=1
Cmd: compileSnippet
  api=9 type=0 insize=93240 outsize=8410 kw=DIRECTIONAL _TERRAIN_NORMAL_MAP ok=1
Cmd: compileSnippet
  api=9 type=0 insize=93240 outsize=8806 kw=DIRECTIONAL_COOKIE _TERRAIN_NORMAL_MAP ok=1
Cmd: compileSnippet
  api=9 type=0 insize=93240 outsize=9454 kw=POINT_COOKIE FOG_EXP2 _TERRAIN_NORMAL_MAP ok=1
Cmd: compileSnippet
  api=9 type=0 insize=93240 outsize=9178 kw=SPOT _TERRAIN_NORMAL_MAP _TERRAIN_OVERRIDE_SMOOTHNESS ok=1
Cmd: compileSnippet
  api=9 type=0 insize=93240 outsize=8796 kw=DIRECTIONAL FOG_EXP2 _TERRAIN_NORMAL_MAP _TERRAIN_OVERRIDE_SMOOTHNESS ok=1
Cmd: compileSnippet
  api=9 type=1 insize=93240 outsize=7 kw=DIRECTIONAL ok=1
Cmd: compileSnippet
  api=9 type=1 insize=93240 outsize=7 kw=SPOT FOG_EXP2 ok=1
Cmd: compileSnippet
  api=9 type=1 insize=93240 outsize=7 kw=POINT _TERRAIN_OVERRIDE_SMOOTHNESS ok=1
Cmd: compileSnippet
  api=9 type=1 insize=93240 outsize=7 kw=POINT FOG_EXP2 _TERRAIN_OVERRIDE_SMOOTHNESS ok=1
Cmd: compileSnippet
  api=9 type=1 insize=93240 outsize=7 kw=POINT_COOKIE FOG_EXP2 _TERRAIN_OVERRIDE_SMOOTHNESS ok=1
Cmd: compileSnippet
  api=9 type=1 insize=93240 outsize=7 kw=SPOT _TERRAIN_NORMAL_MAP ok=1
Cmd: compileSnippet
  api=9 type=1 insize=93240 outsize=7 kw=DIRECTIONAL FOG_EXP2 _TERRAIN_NORMAL_MAP ok=1
Cmd: compileSnippet
  api=9 type=1 insize=93240 outsize=7 kw=POINT _TERRAIN_NORMAL_MAP _TERRAIN_OVERRIDE_SMOOTHNESS ok=1
Cmd: compileSnippet
  api=9 type=1 insize=93240 outsize=7 kw=DIRECTIONAL_COOKIE _TERRAIN_NORMAL_MAP _TERRAIN_OVERRIDE_SMOOTHNESS ok=1
Cmd: compileSnippet
  api=9 type=1 insize=93240 outsize=7 kw=POINT_COOKIE FOG_EXP2 _TERRAIN_NORMAL_MAP _TERRAIN_OVERRIDE_SMOOTHNESS ok=1
Cmd: compileSnippet
  api=9 type=0 insize=141676 outsize=9452 kw=DIRECTIONAL SHADOWS_SCREEN SHADOWS_NATIVE LIGHTMAP_OFF DIRLIGHTMAP_OFF DYNAMICLIGHTMAP_OFF ok=1
Cmd: compileSnippet
  api=9 type=0 insize=141676 outsize=10654 kw=DIRECTIONAL SHADOWS_OFF LIGHTMAP_OFF DIRLIGHTMAP_OFF DYNAMICLIGHTMAP_OFF FOG_EXP2 VERTEXLIGHT_ON ok=1
Cmd: compileSnippet
  api=9 type=0 insize=141676 outsize=9358 kw=DIRECTIONAL SHADOWS_SCREEN SHADOWS_NATIVE LIGHTMAP_OFF DIRLIGHTMAP_OFF DYNAMICLIGHTMAP_OFF _TERRAIN_OVERRIDE_SMOOTHNESS ok=1
Cmd: compileSnippet
  api=9 type=0 insize=141676 outsize=9814 kw=DIRECTIONAL SHADOWS_SCREEN SHADOWS_NATIVE LIGHTMAP_OFF DIRLIGHTMAP_OFF DYNAMICLIGHTMAP_OFF FOG_EXP2 _TERRAIN_OVERRIDE_SMOOTHNESS ok=1
Cmd: compileSnippet
  api=9 type=0 insize=141676 outsize=12641 kw=DIRECTIONAL SHADOWS_OFF LIGHTMAP_OFF DIRLIGHTMAP_OFF DYNAMICLIGHTMAP_OFF VERTEXLIGHT_ON _TERRAIN_NORMAL_MAP ok=1
Cmd: compileSnippet
  api=9 type=0 insize=141676 outsize=12400 kw=DIRECTIONAL SHADOWS_SCREEN SHADOWS_NATIVE LIGHTMAP_OFF DIRLIGHTMAP_OFF DYNAMICLIGHTMAP_OFF FOG_EXP2 _TERRAIN_NORMAL_MAP ok=1
Cmd: compileSnippet
  api=9 type=0 insize=141676 outsize=12547 kw=DIRECTIONAL SHADOWS_OFF LIGHTMAP_OFF DIRLIGHTMAP_OFF DYNAMICLIGHTMAP_OFF VERTEXLIGHT_ON _TERRAIN_NORMAL_MAP _TERRAIN_OVERRIDE_SMOOTHNESS ok=1
Cmd: compileSnippet
  api=9 type=0 insize=141676 outsize=13001 kw=DIRECTIONAL SHADOWS_OFF LIGHTMAP_OFF DIRLIGHTMAP_OFF DYNAMICLIGHTMAP_OFF FOG_EXP2 VERTEXLIGHT_ON _TERRAIN_NORMAL_MAP _TERRAIN_OVERRIDE_SMOOTHNESS ok=1
Cmd: compileSnippet
  api=9 type=1 insize=141676 outsize=7 kw=DIRECTIONAL SHADOWS_SCREEN SHADOWS_NATIVE LIGHTMAP_OFF DIRLIGHTMAP_OFF DYNAMICLIGHTMAP_OFF ok=1
Cmd: compileSnippet
  api=9 type=1 insize=141676 outsize=7 kw=DIRECTIONAL SHADOWS_OFF LIGHTMAP_OFF DIRLIGHTMAP_OFF DYNAMICLIGHTMAP_OFF _TERRAIN_OVERRIDE_SMOOTHNESS ok=1
Cmd: compileSnippet
  api=9 type=1 insize=141676 outsize=7 kw=DIRECTIONAL SHADOWS_OFF LIGHTMAP_OFF DIRLIGHTMAP_OFF DYNAMICLIGHTMAP_OFF _TERRAIN_NORMAL_MAP ok=1
Cmd: compileSnippet
  api=9 type=1 insize=141676 outsize=7 kw=DIRECTIONAL SHADOWS_OFF LIGHTMAP_OFF DIRLIGHTMAP_OFF DYNAMICLIGHTMAP_OFF _TERRAIN_NORMAL_MAP _TERRAIN_OVERRIDE_SMOOTHNESS ok=1
Cmd: compileSnippet
  api=9 type=0 insize=93912 outsize=6261 kw=DIRECTIONAL ok=1
Cmd: compileSnippet
  api=9 type=0 insize=93912 outsize=6657 kw=DIRECTIONAL_COOKIE ok=1
Cmd: compileSnippet
  api=9 type=0 insize=93912 outsize=7296 kw=POINT_COOKIE FOG_EXP2 ok=1
Cmd: compileSnippet
  api=9 type=0 insize=93912 outsize=6779 kw=POINT_COOKIE _TERRAIN_OVERRIDE_SMOOTHNESS ok=1
Cmd: compileSnippet
  api=9 type=0 insize=93912 outsize=6638 kw=DIRECTIONAL FOG_EXP2 _TERRAIN_OVERRIDE_SMOOTHNESS ok=1
Cmd: compileSnippet
  api=9 type=0 insize=93912 outsize=8910 kw=POINT _TERRAIN_NORMAL_MAP ok=1
Cmd: compileSnippet
  api=9 type=0 insize=93912 outsize=9366 kw=POINT FOG_EXP2 _TERRAIN_NORMAL_MAP ok=1
Cmd: compileSnippet
  api=9 type=0 insize=93912 outsize=8840 kw=POINT _TERRAIN_NORMAL_MAP _TERRAIN_OVERRIDE_SMOOTHNESS ok=1
Cmd: compileSnippet
  api=9 type=0 insize=93912 outsize=8928 kw=POINT_COOKIE _TERRAIN_NORMAL_MAP _TERRAIN_OVERRIDE_SMOOTHNESS ok=1
Cmd: compileSnippet
  api=9 type=0 insize=93912 outsize=9384 kw=POINT_COOKIE FOG_EXP2 _TERRAIN_NORMAL_MAP _TERRAIN_OVERRIDE_SMOOTHNESS ok=1
Cmd: compileSnippet
  api=9 type=1 insize=93912 outsize=7 kw=POINT_COOKIE ok=1
Cmd: compileSnippet
  api=9 type=1 insize=93912 outsize=7 kw=DIRECTIONAL_COOKIE ok=1
Cmd: compileSnippet
  api=9 type=1 insize=93912 outsize=7 kw=DIRECTIONAL_COOKIE FOG_EXP2 ok=1
Cmd: compileSnippet
  api=9 type=1 insize=93912 outsize=7 kw=POINT FOG_EXP2 _TERRAIN_OVERRIDE_SMOOTHNESS ok=1
Cmd: compileSnippet
  api=9 type=1 insize=93912 outsize=7 kw=DIRECTIONAL_COOKIE FOG_EXP2 _TERRAIN_OVERRIDE_SMOOTHNESS ok=1
Cmd: compileSnippet
  api=9 type=1 insize=93912 outsize=7 kw=DIRECTIONAL _TERRAIN_NORMAL_MAP ok=1
Cmd: compileSnippet
  api=9 type=1 insize=93912 outsize=7 kw=POINT FOG_EXP2 _TERRAIN_NORMAL_MAP ok=1
Cmd: compileSnippet
  api=9 type=1 insize=93912 outsize=7 kw=DIRECTIONAL_COOKIE FOG_EXP2 _TERRAIN_NORMAL_MAP ok=1
Cmd: compileSnippet
  api=9 type=1 insize=93912 outsize=7 kw=POINT_COOKIE _TERRAIN_NORMAL_MAP _TERRAIN_OVERRIDE_SMOOTHNESS ok=1
Cmd: compileSnippet
  api=9 type=1 insize=93912 outsize=7 kw=SPOT FOG_EXP2 _TERRAIN_NORMAL_MAP _TERRAIN_OVERRIDE_SMOOTHNESS ok=1
Cmd: compileSnippet
  api=9 type=0 insize=14871 outsize=7978 kw=DIRECTIONAL SHADOWS_OFF LIGHTMAP_OFF DIRLIGHTMAP_OFF DYNAMICLIGHTMAP_OFF VERTEXLIGHT_ON ok=1
Cmd: compileSnippet
  api=9 type=0 insize=14871 outsize=7668 kw=DIRECTIONAL SHADOWS_SCREEN SHADOWS_NATIVE LIGHTMAP_OFF DIRLIGHTMAP_OFF DYNAMICLIGHTMAP_OFF FOG_EXP2 ok=1
Cmd: compileSnippet
  api=9 type=0 insize=14871 outsize=8005 kw=DIRECTIONAL SHADOWS_OFF LIGHTMAP_OFF DIRLIGHTMAP_OFF DYNAMICLIGHTMAP_OFF VERTEXLIGHT_ON _TERRAIN_OVERRIDE_SMOOTHNESS ok=1
Cmd: compileSnippet
  api=9 type=0 insize=14871 outsize=8438 kw=DIRECTIONAL SHADOWS_OFF LIGHTMAP_OFF DIRLIGHTMAP_OFF DYNAMICLIGHTMAP_OFF FOG_EXP2 VERTEXLIGHT_ON _TERRAIN_OVERRIDE_SMOOTHNESS ok=1
Cmd: compileSnippet
  api=9 type=1 insize=14871 outsize=7 kw=DIRECTIONAL SHADOWS_OFF LIGHTMAP_OFF DIRLIGHTMAP_OFF DYNAMICLIGHTMAP_OFF FOG_EXP2 ok=1
Cmd: compileSnippet
  api=9 type=1 insize=14871 outsize=7 kw=DIRECTIONAL SHADOWS_OFF LIGHTMAP_OFF DIRLIGHTMAP_OFF DYNAMICLIGHTMAP_OFF _TERRAIN_OVERRIDE_SMOOTHNESS ok=1
Cmd: compileSnippet
  api=9 type=0 insize=8465 outsize=4034 kw=DIRECTIONAL ok=1
Cmd: compileSnippet
  api=9 type=0 insize=8465 outsize=4429 kw=DIRECTIONAL_COOKIE ok=1
Cmd: compileSnippet
  api=9 type=0 insize=8465 outsize=5037 kw=POINT_COOKIE FOG_EXP2 ok=1
Cmd: compileSnippet
  api=9 type=0 insize=8465 outsize=4916 kw=SPOT _TERRAIN_OVERRIDE_SMOOTHNESS ok=1
Cmd: compileSnippet
  api=9 type=0 insize=8465 outsize=5332 kw=SPOT FOG_EXP2 _TERRAIN_OVERRIDE_SMOOTHNESS ok=1
Cmd: compileSnippet
  api=9 type=1 insize=8465 outsize=7 kw=POINT_COOKIE ok=1
Cmd: compileSnippet
  api=9 type=1 insize=8465 outsize=7 kw=POINT FOG_EXP2 ok=1
Cmd: compileSnippet
  api=9 type=1 insize=8465 outsize=7 kw=DIRECTIONAL_COOKIE FOG_EXP2 ok=1
Cmd: compileSnippet
  api=9 type=1 insize=8465 outsize=7 kw=POINT_COOKIE _TERRAIN_OVERRIDE_SMOOTHNESS ok=1
Cmd: compileSnippet
  api=9 type=1 insize=8465 outsize=7 kw=DIRECTIONAL_COOKIE FOG_EXP2 _TERRAIN_OVERRIDE_SMOOTHNESS ok=1
Cmd: compileSnippet
  api=9 type=0 insize=13095 outsize=5929 kw=LIGHTMAP_OFF DIRLIGHTMAP_OFF DYNAMICLIGHTMAP_OFF HDR_LIGHT_PREPASS_OFF _TERRAIN_OVERRIDE_SMOOTHNESS ok=1
Cmd: compileSnippet
  api=9 type=1 insize=13095 outsize=7 kw=LIGHTMAP_OFF DIRLIGHTMAP_OFF DYNAMICLIGHTMAP_OFF UNITY_HDR_ON _TERRAIN_OVERRIDE_SMOOTHNESS ok=1
Cmd: compileSnippet
  api=5 type=0 insize=577 outsize=761 kw=SHADOWS_CUBE ok=1
Cmd: compileSnippet
  api=9 type=1 insize=577 outsize=7 kw=SHADOWS_DEPTH ok=1
Cmd: compileSnippet
  api=5 type=0 insize=6800 outsize=4104 kw=DIRECTIONAL SHADOWS_SCREEN LIGHTMAP_OFF DIRLIGHTMAP_OFF DYNAMICLIGHTMAP_OFF ok=1
Cmd: compileSnippet
  api=5 type=0 insize=6800 outsize=4128 kw=DIRECTIONAL SHADOWS_SCREEN SHADOWS_NATIVE LIGHTMAP_OFF DIRLIGHTMAP_OFF DYNAMICLIGHTMAP_OFF ok=1
Cmd: compileSnippet
  api=9 type=0 insize=6800 outsize=5612 kw=DIRECTIONAL SHADOWS_SCREEN SHADOWS_NATIVE LIGHTMAP_OFF DIRLIGHTMAP_OFF DYNAMICLIGHTMAP_OFF VERTEXLIGHT_ON ok=1
Cmd: compileSnippet
  api=5 type=0 insize=6800 outsize=5261 kw=DIRECTIONAL SHADOWS_OFF LIGHTMAP_OFF DIRLIGHTMAP_OFF DYNAMICLIGHTMAP_OFF FOG_EXP2 VERTEXLIGHT_ON ok=1
Cmd: compileSnippet
  api=9 type=0 insize=6800 outsize=4529 kw=DIRECTIONAL SHADOWS_SCREEN SHADOWS_NATIVE LIGHTMAP_OFF DIRLIGHTMAP_OFF DYNAMICLIGHTMAP_OFF FOG_EXP2 ok=1
Cmd: compileSnippet
  api=9 type=1 insize=6800 outsize=7 kw=DIRECTIONAL SHADOWS_OFF LIGHTMAP_OFF DIRLIGHTMAP_OFF DYNAMICLIGHTMAP_OFF ok=1
Cmd: compileSnippet
  api=5 type=1 insize=6800 outsize=6 kw=DIRECTIONAL SHADOWS_OFF LIGHTMAP_OFF DIRLIGHTMAP_OFF DYNAMICLIGHTMAP_OFF FOG_EXP2 ok=1
Cmd: compileSnippet
  api=9 type=1 insize=2795 outsize=7 kw= ok=1
Cmd: compileSnippet
  api=9 type=0 insize=5964 outsize=3429 kw=LIGHTMAP_OFF DIRLIGHTMAP_OFF DYNAMICLIGHTMAP_OFF UNITY_HDR_ON ok=1
Cmd: compileSnippet
  api=5 type=0 insize=5964 outsize=3808 kw=LIGHTMAP_OFF DIRLIGHTMAP_OFF DYNAMICLIGHTMAP_OFF FOG_EXP2 UNITY_HDR_ON ok=1
Cmd: compileSnippet
  api=9 type=1 insize=5964 outsize=7 kw=LIGHTMAP_OFF DIRLIGHTMAP_OFF DYNAMICLIGHTMAP_OFF HDR_LIGHT_PREPASS_OFF ok=1
Cmd: compileSnippet
  api=5 type=1 insize=5964 outsize=6 kw=LIGHTMAP_OFF DIRLIGHTMAP_OFF DYNAMICLIGHTMAP_OFF FOG_EXP2 UNITY_HDR_ON ok=1
Cmd: compileSnippet
  api=9 type=0 insize=5918 outsize=3458 kw=LIGHTMAP_OFF DIRLIGHTMAP_OFF DYNAMICLIGHTMAP_OFF HDR_LIGHT_PREPASS_OFF ok=1
Cmd: compileSnippet
  api=5 type=1 insize=5918 outsize=6 kw=LIGHTMAP_OFF DIRLIGHTMAP_OFF DYNAMICLIGHTMAP_OFF UNITY_HDR_ON ok=1
Cmd: compileSnippet
  api=9 type=0 insize=937 outsize=756 kw= ok=1
Cmd: compileSnippet
  api=9 type=0 insize=1058 outsize=649 kw= ok=1
Cmd: compileSnippet
  api=9 type=0 insize=541 outsize=2139 kw=SHADOWS_DEPTH ok=1
Cmd: compileSnippet
  api=5 type=1 insize=541 outsize=6 kw=SHADOWS_CUBE ok=1
Cmd: compileSnippet
  api=5 type=0 insize=6810 outsize=4141 kw=DIRECTIONAL SHADOWS_SCREEN LIGHTMAP_OFF DIRLIGHTMAP_OFF DYNAMICLIGHTMAP_OFF ok=1
Cmd: compileSnippet
  api=5 type=0 insize=6810 outsize=4165 kw=DIRECTIONAL SHADOWS_SCREEN SHADOWS_NATIVE LIGHTMAP_OFF DIRLIGHTMAP_OFF DYNAMICLIGHTMAP_OFF ok=1
Cmd: compileSnippet
  api=5 type=0 insize=6810 outsize=3728 kw=DIRECTIONAL SHADOWS_OFF LIGHTMAP_OFF DIRLIGHTMAP_OFF DYNAMICLIGHTMAP_OFF FOG_EXP2 ok=1
Cmd: compileSnippet
  api=5 type=0 insize=6810 outsize=4578 kw=DIRECTIONAL SHADOWS_SCREEN LIGHTMAP_OFF DIRLIGHTMAP_OFF DYNAMICLIGHTMAP_OFF FOG_EXP2 ok=1
Cmd: compileSnippet
  api=5 type=0 insize=6810 outsize=6105 kw=DIRECTIONAL SHADOWS_SCREEN SHADOWS_NATIVE LIGHTMAP_OFF DIRLIGHTMAP_OFF DYNAMICLIGHTMAP_OFF FOG_EXP2 VERTEXLIGHT_ON ok=1
Cmd: compileSnippet
  api=5 type=1 insize=6810 outsize=6 kw=DIRECTIONAL SHADOWS_SCREEN LIGHTMAP_OFF DIRLIGHTMAP_OFF DYNAMICLIGHTMAP_OFF ok=1
Cmd: compileSnippet
  api=9 type=1 insize=6810 outsize=7 kw=DIRECTIONAL SHADOWS_OFF LIGHTMAP_OFF DIRLIGHTMAP_OFF DYNAMICLIGHTMAP_OFF FOG_EXP2 ok=1
Cmd: compileSnippet
  api=9 type=1 insize=6810 outsize=7 kw=DIRECTIONAL SHADOWS_SCREEN SHADOWS_NATIVE LIGHTMAP_OFF DIRLIGHTMAP_OFF DYNAMICLIGHTMAP_OFF FOG_EXP2 ok=1
Cmd: compileSnippet
  api=9 type=0 insize=3647 outsize=2391 kw=DIRECTIONAL ok=1
Cmd: compileSnippet
  api=5 type=0 insize=3647 outsize=3238 kw=SPOT ok=1
Cmd: compileSnippet
  api=5 type=0 insize=3647 outsize=2793 kw=DIRECTIONAL_COOKIE ok=1
Cmd: compileSnippet
  api=5 type=0 insize=3647 outsize=3627 kw=SPOT FOG_EXP2 ok=1
Cmd: compileSnippet
  api=5 type=0 insize=3647 outsize=3182 kw=DIRECTIONAL_COOKIE FOG_EXP2 ok=1
Cmd: compileSnippet
  api=5 type=1 insize=3647 outsize=6 kw=DIRECTIONAL ok=1
Cmd: compileSnippet
  api=5 type=1 insize=3647 outsize=6 kw=POINT_COOKIE ok=1
Cmd: compileSnippet
  api=5 type=1 insize=3647 outsize=6 kw=POINT FOG_EXP2 ok=1
Cmd: compileSnippet
  api=5 type=1 insize=3647 outsize=6 kw=SPOT FOG_EXP2 ok=1
Cmd: compileSnippet
  api=9 type=1 insize=3647 outsize=7 kw=DIRECTIONAL_COOKIE FOG_EXP2 ok=1
Cmd: compileSnippet
  api=9 type=0 insize=2805 outsize=1367 kw= ok=1
Cmd: compileSnippet
  api=9 type=0 insize=5974 outsize=3475 kw=LIGHTMAP_OFF DIRLIGHTMAP_OFF DYNAMICLIGHTMAP_OFF HDR_LIGHT_PREPASS_OFF ok=1
Cmd: compileSnippet
  api=5 type=0 insize=5974 outsize=3854 kw=LIGHTMAP_OFF DIRLIGHTMAP_OFF DYNAMICLIGHTMAP_OFF FOG_EXP2 HDR_LIGHT_PREPASS_OFF ok=1
Cmd: compileSnippet
  api=9 type=1 insize=5974 outsize=7 kw=LIGHTMAP_OFF DIRLIGHTMAP_OFF DYNAMICLIGHTMAP_OFF HDR_LIGHT_PREPASS_OFF ok=1
Cmd: compileSnippet
  api=9 type=1 insize=5974 outsize=7 kw=LIGHTMAP_OFF DIRLIGHTMAP_OFF DYNAMICLIGHTMAP_OFF FOG_EXP2 HDR_LIGHT_PREPASS_OFF ok=1
Cmd: compileSnippet
  api=9 type=0 insize=5928 outsize=3495 kw=LIGHTMAP_OFF DIRLIGHTMAP_OFF DYNAMICLIGHTMAP_OFF HDR_LIGHT_PREPASS_OFF ok=1
Cmd: compileSnippet
  api=9 type=1 insize=5928 outsize=7 kw=LIGHTMAP_OFF DIRLIGHTMAP_OFF DYNAMICLIGHTMAP_OFF UNITY_HDR_ON ok=1
Cmd: compileSnippet
  api=9 type=0 insize=1275 outsize=3801 kw=POINT SHADOWS_OFF ok=1
Cmd: compileSnippet
  api=9 type=0 insize=1275 outsize=4171 kw=POINT_COOKIE SHADOWS_OFF ok=1
Cmd: compileSnippet
  api=5 type=0 insize=1275 outsize=5129 kw=SPOT SHADOWS_DEPTH SHADOWS_NATIVE ok=1
Cmd: compileSnippet
  api=5 type=0 insize=1275 outsize=4466 kw=POINT SHADOWS_CUBE ok=1
Cmd: compileSnippet
  api=5 type=0 insize=1275 outsize=6481 kw=SPOT SHADOWS_DEPTH SHADOWS_SOFT SHADOWS_NONATIVE ok=1
Cmd: compileSnippet
  api=9 type=0 insize=1275 outsize=5643 kw=POINT SHADOWS_CUBE SHADOWS_SOFT ok=1
Cmd: compileSnippet
  api=9 type=0 insize=1275 outsize=3938 kw=DIRECTIONAL SHADOWS_SCREEN SHADOWS_NATIVE ok=1
Cmd: compileSnippet
  api=9 type=1 insize=1275 outsize=7 kw=POINT SHADOWS_OFF ok=1
Cmd: compileSnippet
  api=5 type=1 insize=1275 outsize=6 kw=POINT_COOKIE SHADOWS_OFF ok=1
Cmd: compileSnippet
  api=5 type=1 insize=1275 outsize=6 kw=SPOT SHADOWS_DEPTH SHADOWS_NATIVE ok=1
Cmd: compileSnippet
  api=5 type=1 insize=1275 outsize=6 kw=DIRECTIONAL_COOKIE SHADOWS_SCREEN ok=1
Cmd: compileSnippet
  api=5 type=1 insize=1275 outsize=6 kw=POINT_COOKIE SHADOWS_CUBE ok=1
Cmd: compileSnippet
  api=9 type=1 insize=1275 outsize=7 kw=SPOT SHADOWS_DEPTH SHADOWS_SOFT SHADOWS_NATIVE ok=1
Cmd: compileSnippet
  api=9 type=1 insize=1275 outsize=7 kw=POINT_COOKIE SHADOWS_CUBE SHADOWS_SOFT ok=1
Cmd: compileSnippet
  api=9 type=0 insize=1268 outsize=3398 kw=DIRECTIONAL SHADOWS_OFF ok=1
Cmd: compileSnippet
  api=5 type=0 insize=1268 outsize=4079 kw=POINT_COOKIE SHADOWS_OFF ok=1
Cmd: compileSnippet
  api=5 type=0 insize=1268 outsize=5006 kw=SPOT SHADOWS_DEPTH SHADOWS_NONATIVE ok=1
Cmd: compileSnippet
  api=5 type=0 insize=1268 outsize=4406 kw=POINT SHADOWS_CUBE ok=1
Cmd: compileSnippet
  api=5 type=0 insize=1268 outsize=6421 kw=SPOT SHADOWS_DEPTH SHADOWS_SOFT SHADOWS_NONATIVE ok=1
Cmd: compileSnippet
  api=9 type=0 insize=1268 outsize=5583 kw=POINT SHADOWS_CUBE SHADOWS_SOFT ok=1
Cmd: compileSnippet
  api=9 type=0 insize=1268 outsize=3878 kw=DIRECTIONAL SHADOWS_SCREEN SHADOWS_NATIVE ok=1
Cmd: compileSnippet
  api=9 type=1 insize=1268 outsize=7 kw=POINT SHADOWS_OFF ok=1
Cmd: compileSnippet
  api=5 type=1 insize=1268 outsize=6 kw=POINT_COOKIE SHADOWS_OFF ok=1
Cmd: compileSnippet
  api=5 type=1 insize=1268 outsize=6 kw=SPOT SHADOWS_DEPTH SHADOWS_NONATIVE ok=1
Cmd: compileSnippet
  api=5 type=1 insize=1268 outsize=6 kw=DIRECTIONAL SHADOWS_SCREEN ok=1
Cmd: compileSnippet
  api=5 type=1 insize=1268 outsize=6 kw=POINT_COOKIE SHADOWS_CUBE ok=1
Cmd: compileSnippet
  api=5 type=1 insize=1268 outsize=6 kw=POINT SHADOWS_CUBE SHADOWS_SOFT ok=1
Cmd: compileSnippet
  api=5 type=1 insize=1268 outsize=6 kw=DIRECTIONAL SHADOWS_SCREEN SHADOWS_NATIVE ok=1
Cmd: compileSnippet
  api=9 type=0 insize=1273 outsize=3403 kw=DIRECTIONAL SHADOWS_OFF ok=1
Cmd: compileSnippet
  api=9 type=0 insize=1273 outsize=4116 kw=POINT_COOKIE SHADOWS_OFF ok=1
Cmd: compileSnippet
  api=9 type=0 insize=1273 outsize=3746 kw=DIRECTIONAL_COOKIE SHADOWS_OFF ok=1
Cmd: compileSnippet
  api=9 type=0 insize=1273 outsize=4969 kw=SPOT SHADOWS_DEPTH SHADOWS_NATIVE ok=1
Cmd: compileSnippet
  api=9 type=0 insize=1273 outsize=4338 kw=POINT SHADOWS_CUBE ok=1
Cmd: compileSnippet
  api=5 type=0 insize=1273 outsize=5918 kw=SPOT SHADOWS_DEPTH SHADOWS_SOFT SHADOWS_NATIVE ok=1
Cmd: compileSnippet
  api=9 type=0 insize=1273 outsize=5883 kw=POINT_COOKIE SHADOWS_CUBE SHADOWS_SOFT ok=1
Cmd: compileSnippet
  api=9 type=1 insize=1273 outsize=7 kw=POINT SHADOWS_OFF ok=1
Cmd: compileSnippet
  api=5 type=1 insize=1273 outsize=6 kw=POINT_COOKIE SHADOWS_OFF ok=1
Cmd: compileSnippet
  api=5 type=1 insize=1273 outsize=6 kw=SPOT SHADOWS_DEPTH SHADOWS_NONATIVE ok=1
Cmd: compileSnippet
  api=5 type=1 insize=1273 outsize=6 kw=DIRECTIONAL_COOKIE SHADOWS_SCREEN ok=1
Cmd: compileSnippet
  api=9 type=1 insize=1273 outsize=7 kw=POINT_COOKIE SHADOWS_CUBE ok=1
Cmd: compileSnippet
  api=5 type=1 insize=1273 outsize=6 kw=POINT SHADOWS_CUBE SHADOWS_SOFT ok=1
Cmd: compileSnippet
  api=5 type=1 insize=1273 outsize=6 kw=DIRECTIONAL SHADOWS_SCREEN SHADOWS_NATIVE ok=1
Cmd: compileSnippet
  api=5 type=0 insize=1934 outsize=3507 kw=DIRECTIONAL SHADOWS_OFF ok=1
Cmd: compileSnippet
  api=9 type=0 insize=1934 outsize=4340 kw=SPOT SHADOWS_OFF ok=1
Cmd: compileSnippet
  api=9 type=0 insize=1934 outsize=3927 kw=DIRECTIONAL_COOKIE SHADOWS_OFF ok=1
Cmd: compileSnippet
  api=5 type=0 insize=1934 outsize=4205 kw=DIRECTIONAL SHADOWS_SCREEN ok=1
Cmd: compileSnippet
  api=9 type=0 insize=1934 outsize=4468 kw=POINT SHADOWS_CUBE ok=1
Cmd: compileSnippet
  api=9 type=0 insize=1934 outsize=6216 kw=SPOT SHADOWS_DEPTH SHADOWS_SOFT SHADOWS_NATIVE ok=1
Cmd: compileSnippet
  api=9 type=0 insize=1934 outsize=6013 kw=POINT_COOKIE SHADOWS_CUBE SHADOWS_SOFT ok=1
Cmd: compileSnippet
  api=5 type=0 insize=1934 outsize=3787 kw=POINT SHADOWS_OFF UNITY_HDR_ON ok=1
Cmd: compileSnippet
  api=5 type=0 insize=1934 outsize=4201 kw=SPOT SHADOWS_OFF UNITY_HDR_ON ok=1
Cmd: compileSnippet
  api=5 type=0 insize=1934 outsize=3786 kw=DIRECTIONAL_COOKIE SHADOWS_OFF UNITY_HDR_ON ok=1
Cmd: compileSnippet
  api=9 type=0 insize=1934 outsize=5213 kw=SPOT SHADOWS_DEPTH SHADOWS_NATIVE UNITY_HDR_ON ok=1
Cmd: compileSnippet
  api=9 type=0 insize=1934 outsize=4359 kw=POINT SHADOWS_CUBE UNITY_HDR_ON ok=1
Cmd: compileSnippet
  api=5 type=0 insize=1934 outsize=6166 kw=SPOT SHADOWS_DEPTH SHADOWS_SOFT SHADOWS_NATIVE UNITY_HDR_ON ok=1
Cmd: compileSnippet
  api=5 type=0 insize=1934 outsize=6112 kw=POINT_COOKIE SHADOWS_CUBE SHADOWS_SOFT UNITY_HDR_ON ok=1
Cmd: compileSnippet
  api=5 type=0 insize=1934 outsize=4334 kw=DIRECTIONAL_COOKIE SHADOWS_SCREEN SHADOWS_NATIVE UNITY_HDR_ON ok=1
Cmd: compileSnippet
  api=9 type=1 insize=1934 outsize=7 kw=DIRECTIONAL SHADOWS_OFF ok=1
Cmd: compileSnippet
  api=5 type=1 insize=1934 outsize=6 kw=POINT_COOKIE SHADOWS_OFF ok=1
Cmd: compileSnippet
  api=9 type=1 insize=1934 outsize=7 kw=DIRECTIONAL_COOKIE SHADOWS_OFF ok=1
Cmd: compileSnippet
  api=5 type=1 insize=1934 outsize=6 kw=DIRECTIONAL SHADOWS_SCREEN ok=1
Cmd: compileSnippet
  api=5 type=1 insize=1934 outsize=6 kw=POINT_COOKIE SHADOWS_CUBE ok=1
Cmd: compileSnippet
  api=5 type=1 insize=1934 outsize=6 kw=SPOT SHADOWS_DEPTH SHADOWS_SOFT SHADOWS_NATIVE ok=1
Cmd: compileSnippet
  api=5 type=1 insize=1934 outsize=6 kw=POINT_COOKIE SHADOWS_CUBE SHADOWS_SOFT ok=1
Cmd: compileSnippet
  api=5 type=1 insize=1934 outsize=6 kw=DIRECTIONAL_COOKIE SHADOWS_SCREEN SHADOWS_NATIVE ok=1
Cmd: compileSnippet
  api=5 type=1 insize=1934 outsize=6 kw=DIRECTIONAL SHADOWS_OFF UNITY_HDR_ON ok=1
Cmd: compileSnippet
  api=9 type=1 insize=1934 outsize=7 kw=DIRECTIONAL_COOKIE SHADOWS_OFF UNITY_HDR_ON ok=1
Cmd: compileSnippet
  api=5 type=1 insize=1934 outsize=6 kw=DIRECTIONAL SHADOWS_SCREEN UNITY_HDR_ON ok=1
Cmd: compileSnippet
  api=9 type=1 insize=1934 outsize=7 kw=POINT SHADOWS_CUBE UNITY_HDR_ON ok=1
Cmd: compileSnippet
  api=9 type=1 insize=1934 outsize=7 kw=SPOT SHADOWS_DEPTH SHADOWS_SOFT SHADOWS_NATIVE UNITY_HDR_ON ok=1
Cmd: compileSnippet
  api=9 type=1 insize=1934 outsize=7 kw=POINT_COOKIE SHADOWS_CUBE SHADOWS_SOFT UNITY_HDR_ON ok=1
Cmd: compileSnippet
  api=5 type=1 insize=1934 outsize=6 kw=DIRECTIONAL_COOKIE SHADOWS_SCREEN SHADOWS_NATIVE UNITY_HDR_ON ok=1
End of pipe

Quitting shader compiler process
